<?xml version="1.0" encoding="UTF-8"?>
<!-- Generated by org.testng.reporters.JUnitReportReporter -->
<testsuite hostname="DESKTOP-1GQ8CG3" failures="0" tests="1" name="includingbeforemethod_perform.annotations" time="0.038" errors="0" timestamp="2024-03-07T19:25:59 IST" skipped="0">
  <testcase classname="includingbeforemethod_perform.annotations" name="output" time="0.038"/>
</testsuite> <!-- includingbeforemethod_perform.annotations -->
