<?xml version="1.0" encoding="UTF-8"?>
<!-- Generated by org.testng.reporters.JUnitReportReporter -->
<testsuite hostname="DESKTOP-1GQ8CG3" failures="0" tests="1" name="includingbeforemethod.testlaunchclass" time="10.778" errors="0" timestamp="2024-03-07T19:48:53 IST" skipped="0">
  <testcase classname="includingbeforemethod.testlaunchclass" name="testingapp" time="10.778"/>
</testsuite> <!-- includingbeforemethod.testlaunchclass -->
